proguard/seeds.txt
com.parking.AccountFragment: void procQueryUserInfo(android.os.Message)
com.parking.AccountFragment: void quiteLogin(android.view.View)
com.parking.AccountFragment: void procQuiteLogin(android.os.Message)
com.parking.AccountFragment: void editUserName(android.view.View)
com.parking.AccountFragment: void editUserCountName(android.view.View)
com.parking.CapturePicActivity
com.parking.CapturePicActivity: CapturePicActivity()
com.parking.CapturePicActivity: void captureImage(android.view.View)
com.parking.CapturePicActivity: void procRawPic(android.os.Message)
com.parking.CreateOrderActivity
com.parking.CreateOrderActivity: CreateOrderActivity()
com.parking.CreateOrderActivity: void procOrderMax(android.os.Message)
com.parking.CreateOrderActivity: void procReconizeNo(android.os.Message)
com.parking.CreateOrderActivity: void onClickBack(android.view.View)
com.parking.CreateOrderActivity: void onClickConfirm(android.view.View)
com.parking.CreateOrderActivity: void procNewOrder(android.os.Message)
com.parking.InputMoneyDialog: void procGetTimeAndFee(android.os.Message)
com.parking.InputMoneyDialog: void procConfirNewOrder(android.os.Message)
com.parking.InputUserCountDialog: void procConfirNewOrder(android.os.Message)
com.parking.InputUserNameDialog: void procConfirNewOrder(android.os.Message)
com.parking.LoginActivity
com.parking.LoginActivity: LoginActivity()
com.parking.LoginActivity: void procGetLocalUserInfo(android.os.Message)
com.parking.LoginActivity: void onLogin(android.view.View)
com.parking.LoginActivity: void procLogin(android.os.Message)
com.parking.LoginActivity: void onClickValidateCode(android.view.View)
com.parking.LoginActivity: void procValidateCode(android.os.Message)
com.parking.LoginActivity: void procWaitValidateCode(android.os.Message)
com.parking.MainActivity
com.parking.MainActivity: MainActivity()
com.parking.MainFragment: void procIncomeAndTotalNum(android.os.Message)
com.parking.MainFragment: void onClickOrderCreate(android.view.View)
com.parking.MainFragment: void procUpdateParkSlotNumber(android.os.Message)
com.parking.MainFragment: void onLongClickAllCount(android.view.View)
com.parking.MainFragment: void procEditAllCount(android.os.Message)
com.parking.OrderFragment: void procOrderList(android.os.Message)
com.parking.ParkingmBaseTask: java.lang.String host
com.parking.ParkingmBaseTask: com.lidroid.xutils.HttpUtils httpUtils
com.parking.ParkingmBaseTask: java.text.SimpleDateFormat sdf
com.parking.ParkingmBaseTask: void <clinit>()
com.parking.ParkingmBaseTask: ParkingmBaseTask(android.app.Activity,java.lang.Object)
com.parking.ParkingmBaseTask: org.json.JSONObject getJasonForServer(java.lang.String,java.lang.String[][])
com.parking.ParkingmBaseTask: org.json.JSONObject getJasonForServer(java.lang.String,com.lidroid.xutils.http.RequestParams)
com.parking.ParkingmBaseTask: com.lidroid.xutils.http.RequestParams requestParams(java.lang.String[][])
com.parking.ParkingmBaseTask: long getTodayStartTime()
com.parking.ParkingmBaseTask: void assertFlag(org.json.JSONObject,java.lang.String)
com.parking.ParkingmBaseTask: com.lidroid.xutils.DbUtils getDbUtils()
com.parking.PlateProc
com.parking.PlateProc: java.lang.String plateProc(int[],int,int)
com.parking.PreView
com.parking.PreView: PreView(android.content.Context,android.util.AttributeSet)
...
com.lidroid.xutils.db.annotation.Id
com.lidroid.xutils.db.annotation.Id: java.lang.String column()
com.lidroid.xutils.db.annotation.NoAutoIncrement
com.lidroid.xutils.db.annotation.NotNull
com.lidroid.xutils.db.annotation.Table
com.lidroid.xutils.db.annotation.Table: java.lang.String name()
com.lidroid.xutils.db.annotation.Table: java.lang.String execAfterTableCreated()
com.lidroid.xutils.db.annotation.Transient
com.lidroid.xutils.db.annotation.Unique
com.lidroid.xutils.db.sqlite.ColumnDbType: com.lidroid.xutils.db.sqlite.ColumnDbType[] values()
com.lidroid.xutils.db.sqlite.ColumnDbType: com.lidroid.xutils.db.sqlite.ColumnDbType valueOf(java.lang.String)
com.lidroid.xutils.http.HttpHandler$State: com.lidroid.xutils.http.HttpHandler$State[] values()
com.lidroid.xutils.http.HttpHandler$State: com.lidroid.xutils.http.HttpHandler$State valueOf(java.lang.String)
com.lidroid.xutils.http.client.HttpRequest$HttpMethod: com.lidroid.xutils.http.client.HttpRequest$HttpMethod[] values()
com.lidroid.xutils.http.client.HttpRequest$HttpMethod: com.lidroid.xutils.http.client.HttpRequest$HttpMethod valueOf(java.lang.String)
com.lidroid.xutils.http.client.multipart.HttpMultipartMode: com.lidroid.xutils.http.client.multipart.HttpMultipartMode[] values()
com.lidroid.xutils.http.client.multipart.HttpMultipartMode: com.lidroid.xutils.http.client.multipart.HttpMultipartMode valueOf(java.lang.String)
com.lidroid.xutils.task.Priority: com.lidroid.xutils.task.Priority[] values()
com.lidroid.xutils.task.Priority: com.lidroid.xutils.task.Priority valueOf(java.lang.String)
com.lidroid.xutils.view.ResType: com.lidroid.xutils.view.ResType[] values()
com.lidroid.xutils.view.ResType: com.lidroid.xutils.view.ResType valueOf(java.lang.String)
com.lidroid.xutils.view.annotation.ContentView
com.lidroid.xutils.view.annotation.ContentView: int value()
com.lidroid.xutils.view.annotation.PreferenceInject
com.lidroid.xutils.view.annotation.PreferenceInject: java.lang.String value()
com.lidroid.xutils.view.annotation.ResInject
com.lidroid.xutils.view.annotation.ResInject: int id()
com.lidroid.xutils.view.annotation.ResInject: com.lidroid.xutils.view.ResType type()
com.lidroid.xutils.view.annotation.ViewInject
com.lidroid.xutils.view.annotation.ViewInject: int value()
com.lidroid.xutils.view.annotation.ViewInject: int parentId()
com.lidroid.xutils.view.annotation.event.EventBase
com.lidroid.xutils.view.annotation.event.EventBase: java.lang.Class listenerType()
com.lidroid.xutils.view.annotation.event.EventBase: java.lang.String listenerSetter()
com.lidroid.xutils.view.annotation.event.EventBase: java.lang.String methodName()
com.lidroid.xutils.view.annotation.event.OnChildClick
com.lidroid.xutils.view.annotation.event.OnChildClick: int[] value()
com.lidroid.xutils.view.annotation.event.OnChildClick: int[] parentId()
com.lidroid.xutils.view.annotation.event.OnClick
com.lidroid.xutils.view.annotation.event.OnClick: int[] value()
com.lidroid.xutils.view.annotation.event.OnClick: int[] parentId()
com.lidroid.xutils.view.annotation.event.OnCompoundButtonCheckedChange
com.lidroid.xutils.view.annotation.event.OnCompoundButtonCheckedChange: int[] value()
com.lidroid.xutils.view.annotation.event.OnCompoundButtonCheckedChange: int[] parentId()
com.lidroid.xutils.view.annotation.event.OnFocusChange
com.lidroid.xutils.view.annotation.event.OnFocusChange: int[] value()
com.lidroid.xutils.view.annotation.event.OnFocusChange: int[] parentId()
com.lidroid.xutils.view.annotation.event.OnGroupClick
com.lidroid.xutils.view.annotation.event.OnGroupClick: int[] value()
com.lidroid.xutils.view.annotation.event.OnGroupClick: int[] parentId()
com.lidroid.xutils.view.annotation.event.OnGroupCollapse
com.lidroid.xutils.view.annotation.event.OnGroupCollapse: int[] value()
com.lidroid.xutils.view.annotation.event.OnGroupCollapse: int[] parentId()