proguard/mapping.txt
com.parking.AbstractFragment -> com.parking.a:
    android.view.View rootView -> Q
    boolean inflaterView -> P
    android.view.View onCreateView(android.view.LayoutInflater,android.view.ViewGroup,android.os.Bundle) -> a
    android.view.View createView(android.view.LayoutInflater,android.view.ViewGroup,android.os.Bundle) -> c
com.parking.AccountFragment -> com.parking.b:
    android.widget.TextView userName -> Q
    android.widget.TextView authroizedName -> R
    android.widget.TextView idCard -> S
    android.widget.TextView alipay -> T
    android.widget.TextView weiXing -> U
    android.widget.TextView bankCard -> V
    android.widget.TextView todayIncome -> W
    android.widget.TextView lastMonthIncome -> X
    com.parking.User queryUser -> Y
    com.parking.task.IAccountTask task -> Z
    android.view.View onCreateView(android.view.LayoutInflater,android.view.ViewGroup,android.os.Bundle) -> a
    android.view.View createView(android.view.LayoutInflater,android.view.ViewGroup,android.os.Bundle) -> c
    void onPause() -> g
    void procQueryUserInfo(android.os.Message) -> procQueryUserInfo
    void quiteLogin(android.view.View) -> quiteLogin
    void procQuiteLogin(android.os.Message) -> procQuiteLogin
    void initValue() -> w
    void editUserName(android.view.View) -> editUserName
    void editUserCountName(android.view.View) -> editUserCountName
    java.lang.String mask(java.lang.String,int,int) -> a
    java.lang.String access$0(com.parking.AccountFragment,java.lang.String,int,int) -> a
com.parking.AccountFragment$1 -> com.parking.c:
    com.parking.AccountFragment this$0 -> a
    void postExecute() -> a
com.parking.AccountFragment$2 -> com.parking.d:
    com.parking.AccountFragment this$0 -> a
    void postExecute() -> a
com.parking.CapturePicActivity -> com.parking.CapturePicActivity:
    com.parking.PreView preView -> a
    com.parking.task.ICapturePicTask task -> b
    void onCreate(android.os.Bundle) -> onCreate
    void captureImage(android.view.View) -> captureImage
    void onPictureTaken(byte[],android.hardware.Camera) -> onPictureTaken
    void procRawPic(android.os.Message) -> procRawPic
com.parking.CreateOrderActivity -> com.parking.CreateOrderActivity:
    android.graphics.Bitmap bitMap -> a
    com.parking.User userInfo -> b
    android.widget.Spinner feeType -> c
    android.widget.TextView timeStamp -> d
    android.widget.TextView carNo -> e
    android.widget.ImageView carPic -> f
    android.widget.TextView playMoney -> g
    android.widget.EditText carNumber -> h
    android.widget.Button createNewOrderButton -> i
    com.parking.LocationMg locationMg -> j
    com.parking.task.ICreateOrderTask task -> k
    void onCreate(android.os.Bundle) -> onCreate
    void onDestroy() -> onDestroy
    void procOrderMax(android.os.Message) -> procOrderMax
    void procReconizeNo(android.os.Message) -> procReconizeNo
    void onClickBack(android.view.View) -> onClickBack
    void onClickConfirm(android.view.View) -> onClickConfirm
    void procNewOrder(android.os.Message) -> procNewOrder
com.parking.InputMoneyDialog -> com.parking.e:
    com.parking.UserOrder uo -> a
    android.widget.EditText playMoney -> b
    com.parking.InputMoneyDialog$CallBack callback -> c
    com.parking.task.IInputDialogTask task -> d
    com.parking.InputMoneyDialog init(com.parking.InputMoneyDialog$CallBack) -> a
    void procGetTimeAndFee(android.os.Message) -> procGetTimeAndFee
    void onClick(android.view.View) -> onClick
    void procConfirNewOrder(android.os.Message) -> procConfirNewOrder
com.parking.InputMoneyDialog$CallBack -> com.parking.f:
    void postExecute() -> a
...
android.support.v4.app.FragmentTabHost$DummyTabFactory -> android.support.v4.app.v:
    android.content.Context mContext -> a
    android.view.View createTabContent(java.lang.String) -> createTabContent
android.support.v4.app.FragmentTabHost$SavedState -> android.support.v4.app.FragmentTabHost$SavedState:
    java.lang.String curTab -> a
    android.os.Parcelable$Creator CREATOR -> CREATOR
    void writeToParcel(android.os.Parcel,int) -> writeToParcel
    java.lang.String toString() -> toString
android.support.v4.app.FragmentTabHost$SavedState$1 -> android.support.v4.app.w:
    android.support.v4.app.FragmentTabHost$SavedState createFromParcel(android.os.Parcel) -> a
    android.support.v4.app.FragmentTabHost$SavedState[] newArray(int) -> a
    java.lang.Object[] newArray(int) -> newArray
    java.lang.Object createFromParcel(android.os.Parcel) -> createFromParcel
android.support.v4.app.FragmentTabHost$TabInfo -> android.support.v4.app.x:
    java.lang.String tag -> a
    java.lang.Class clss -> b
    android.os.Bundle args -> c
    android.support.v4.app.Fragment fragment -> d
    android.support.v4.app.Fragment access$102(android.support.v4.app.FragmentTabHost$TabInfo,android.support.v4.app.Fragment) -> a
    android.support.v4.app.Fragment access$100(android.support.v4.app.FragmentTabHost$TabInfo) -> a
    java.lang.String access$200(android.support.v4.app.FragmentTabHost$TabInfo) -> b
    java.lang.Class access$300(android.support.v4.app.FragmentTabHost$TabInfo) -> c
    android.os.Bundle access$400(android.support.v4.app.FragmentTabHost$TabInfo) -> d
android.support.v4.app.FragmentTransaction -> android.support.v4.app.y:
    android.support.v4.app.FragmentTransaction add(int,android.support.v4.app.Fragment,java.lang.String) -> a
    android.support.v4.app.FragmentTransaction detach(android.support.v4.app.Fragment) -> a
    android.support.v4.app.FragmentTransaction attach(android.support.v4.app.Fragment) -> b
    int commit() -> a
android.support.v4.app.LoaderManager -> android.support.v4.app.z:
    boolean hasRunningLoaders() -> a
android.support.v4.app.LoaderManager$LoaderCallbacks -> android.support.v4.app.aa:
    android.support.v4.content.Loader onCreateLoader(int,android.os.Bundle) -> a
    void onLoadFinished(android.support.v4.content.Loader,java.lang.Object) -> a
    void onLoaderReset(android.support.v4.content.Loader) -> a
android.support.v4.app.LoaderManagerImpl -> android.support.v4.app.ab:
    boolean DEBUG -> a
    android.support.v4.util.SparseArrayCompat mLoaders -> b
    android.support.v4.util.SparseArrayCompat mInactiveLoaders -> c
    java.lang.String mWho -> d
    android.support.v4.app.FragmentActivity mActivity -> e
    boolean mStarted -> f
    boolean mRetaining -> g
    void updateActivity(android.support.v4.app.FragmentActivity) -> a
    void doStart() -> b
    void doStop() -> c
    void doRetain() -> d
    void finishRetain() -> e
    void doReportNextStart() -> f
    void doReportStart() -> g
    void doDestroy() -> h
    java.lang.String toString() -> toString
    void dump(java.lang.String,java.io.FileDescriptor,java.io.PrintWriter,java.lang.String[]) -> a
    boolean hasRunningLoaders() -> a