proguard/usage.txt
com.parking.BuildConfig
com.parking.CapturePicActivity:
    com.parking.TopView topView
com.parking.CreateOrderActivity:
    android.widget.EditText money
com.parking.LoginActivity:
    145:147:void obtainValidateCode(java.lang.String)
com.parking.LoginActivity$SmsObserver
com.parking.MainActivity:
    60:61:void changeTab(int)
    74:74:public java.lang.String currentPhone()
com.parking.OrderFragment:
    android.widget.TextView viewType0
    android.widget.TextView viewType1
    android.widget.TextView viewType2
    92:109:public void onClickTitle(android.widget.TextView)
    112:114:private void unSelect(android.widget.TextView)
    116:118:private void select(android.widget.TextView)
com.parking.PlateProc
com.parking.R
com.parking.R$attr
com.parking.R$color
com.parking.R$dimen
com.parking.R$drawable
com.parking.R$id
com.parking.R$layout
com.parking.R$menu
com.parking.R$string
com.parking.R$style
com.parking.User:
    private static final long serialVersionUID
    59:59:public float getTotalForYesterday()
    63:64:public void setTotalForYesterday(float)
    79:80:public void setAuthorizedName(java.lang.String)
    139:139:public long getLastLoginTime()
com.parking.UserOrder:
    private static final long serialVersionUID
    public static final int PARK_STATUS
    public static final int LEAVED_STATUS
    public static final int FEE_TYPE_DAY
    public static final int FEE_TYPE_TIME
com.parking.task.BitMapUtil:
    7:7:public BitMapUtil()
...
android.support.v4.app.LoaderManagerImpl$LoaderInfo:
    228:232:public LoaderManagerImpl$LoaderInfo(android.support.v4.app.LoaderManagerImpl,int,android.os.Bundle,android.support.v4.app.LoaderManager$LoaderCallbacks)
    362:415:public void onLoadComplete(android.support.v4.content.Loader,java.lang.Object)
android.support.v4.app.NavUtils
android.support.v4.app.NavUtils$NavUtilsImpl
android.support.v4.app.NavUtils$NavUtilsImplBase
android.support.v4.app.NavUtils$NavUtilsImplJB
android.support.v4.app.NavUtilsJB
android.support.v4.app.NotificationCompat
android.support.v4.app.NotificationCompat$Action
android.support.v4.app.NotificationCompat$BigPictureStyle
android.support.v4.app.NotificationCompat$BigTextStyle
android.support.v4.app.NotificationCompat$Builder
android.support.v4.app.NotificationCompat$InboxStyle
android.support.v4.app.NotificationCompat$NotificationCompatImpl
android.support.v4.app.NotificationCompat$NotificationCompatImplBase
android.support.v4.app.NotificationCompat$NotificationCompatImplHoneycomb
android.support.v4.app.NotificationCompat$NotificationCompatImplIceCreamSandwich
android.support.v4.app.NotificationCompat$NotificationCompatImplJellybean
android.support.v4.app.NotificationCompat$Style
android.support.v4.app.NotificationCompatHoneycomb
android.support.v4.app.NotificationCompatIceCreamSandwich
android.support.v4.app.NotificationCompatJellybean
android.support.v4.app.ServiceCompat
android.support.v4.app.ShareCompat
android.support.v4.app.ShareCompat$IntentBuilder
android.support.v4.app.ShareCompat$IntentReader
android.support.v4.app.ShareCompat$ShareCompatImpl
android.support.v4.app.ShareCompat$ShareCompatImplBase
android.support.v4.app.ShareCompat$ShareCompatImplICS
android.support.v4.app.ShareCompat$ShareCompatImplJB
android.support.v4.app.ShareCompatICS
android.support.v4.app.ShareCompatJB
android.support.v4.app.TaskStackBuilder
android.support.v4.app.TaskStackBuilder$TaskStackBuilderImpl
android.support.v4.app.TaskStackBuilder$TaskStackBuilderImplBase
android.support.v4.app.TaskStackBuilder$TaskStackBuilderImplHoneycomb
android.support.v4.app.TaskStackBuilder$TaskStackBuilderImplJellybean
android.support.v4.app.TaskStackBuilderHoneycomb
android.support.v4.app.TaskStackBuilderJellybean
android.support.v4.content.AsyncTaskLoader
android.support.v4.content.AsyncTaskLoader$LoadTask
android.support.v4.content.ContextCompat
android.support.v4.content.ContextCompatHoneycomb
android.support.v4.content.ContextCompatJellybean
android.support.v4.content.CursorLoader
android.support.v4.content.FileProvider
android.support.v4.content.FileProvider$PathStrategy
android.support.v4.content.FileProvider$SimplePathStrategy
android.support.v4.content.IntentCompat
android.support.v4.content.IntentCompat$IntentCompatImpl
android.support.v4.content.IntentCompat$IntentCompatImplBase
android.support.v4.content.IntentCompat$IntentCompatImplHC
android.support.v4.content.IntentCompat$IntentCompatImplIcsMr1
android.support.v4.content.IntentCompatHoneycomb
android.support.v4.content.IntentCompatIcsMr1
android.support.v4.content.Loader:
    android.content.Context mContext
    90:92:public Loader(android.content.Context)
    102:105:public void deliverResult(java.lang.Object)
    111:111:public android.content.Context getContext()
    118:118:public int getId()
    157:157:public boolean isStarted()
    166:166:public boolean isAbandoned()
    175:175:public boolean isReset()
    217:218:public void forceLoad()
    225:225:protected void onForceLoad()
    261:263:public void abandon()
    275:275:protected void onAbandon()
    312:314:public boolean takeContentChanged()
    326:334:public void onContentChanged()
android.support.v4.content.Loader$ForceLoadContentObserver
android.support.v4.content.Loader$OnLoadCompleteListener:
    public abstract void onLoadComplete(android.support.v4.content.Loader,java.lang.Object)
android.support.v4.content.LocalBroadcastManager
android.support.v4.content.LocalBroadcastManager$1